<?xml version="1.0" encoding="UTF-8"?>
<!-- Generated by org.testng.reporters.JUnitReportReporter -->
<testsuite hostname="HP-PC" name="SpacexTest" tests="1" failures="0" timestamp="10 Feb 2021 11:12:42 GMT" time="5.302" errors="0">
  <testcase name="verifySpaceXResponse" time="5.302" classname="SpacexTest"/>
</testsuite> <!-- SpacexTest -->
